<?xml version="1.0" encoding="UTF-8"?>
<coverage generated="1646989695583" clover="3.2.0">
  <project timestamp="1646989695583" name="All files">
    <metrics statements="61" coveredstatements="61" conditionals="17" coveredconditionals="17" methods="14" coveredmethods="14" elements="92" coveredelements="92" complexity="0" loc="61" ncloc="61" packages="2" files="2" classes="2"/>
    <package name="src">
      <metrics statements="2" coveredstatements="2" conditionals="0" coveredconditionals="0" methods="1" coveredmethods="1"/>
      <file name="index.ts" path="/Users/benderscreativestation/Documents/cardano-lsd/cardano-lsd/src/index.ts">
        <metrics statements="2" coveredstatements="2" conditionals="0" coveredconditionals="0" methods="1" coveredmethods="1"/>
        <line num="12" count="1" type="stmt"/>
        <line num="14" count="6" type="stmt"/>
      </file>
    </package>
    <package name="src.components">
      <metrics statements="59" coveredstatements="59" conditionals="17" coveredconditionals="17" methods="13" coveredmethods="13"/>
      <file name="carda-nostra-ada-spinner.ts" path="/Users/benderscreativestation/Documents/cardano-lsd/cardano-lsd/src/components/carda-nostra-ada-spinner.ts">
        <metrics statements="59" coveredstatements="59" conditionals="17" coveredconditionals="17" methods="13" coveredmethods="13"/>
        <line num="1" count="1" type="stmt"/>
        <line num="40" count="1" type="stmt"/>
        <line num="46" count="5" type="stmt"/>
        <line num="47" count="5" type="stmt"/>
        <line num="48" count="5" type="cond" truecount="2" falsecount="0"/>
        <line num="49" count="2" type="stmt"/>
        <line num="54" count="3" type="stmt"/>
        <line num="56" count="5" type="cond" truecount="2" falsecount="0"/>
        <line num="57" count="2" type="stmt"/>
        <line num="62" count="3" type="stmt"/>
        <line num="64" count="5" type="cond" truecount="2" falsecount="0"/>
        <line num="65" count="2" type="stmt"/>
        <line num="70" count="3" type="stmt"/>
        <line num="87" count="1" type="stmt"/>
        <line num="88" count="6" type="stmt"/>
        <line num="92" count="1" type="stmt"/>
        <line num="106" count="1" type="stmt"/>
        <line num="107" count="6" type="stmt"/>
        <line num="111" count="1" type="stmt"/>
        <line num="126" count="1" type="stmt"/>
        <line num="127" count="6" type="stmt"/>
        <line num="131" count="1" type="stmt"/>
        <line num="146" count="1" type="stmt"/>
        <line num="147" count="6" type="stmt"/>
        <line num="151" count="1" type="stmt"/>
        <line num="164" count="1" type="stmt"/>
        <line num="165" count="1" type="stmt"/>
        <line num="166" count="1" type="stmt"/>
        <line num="173" count="1" type="stmt"/>
        <line num="174" count="1" type="stmt"/>
        <line num="175" count="5" type="stmt"/>
        <line num="176" count="5" type="stmt"/>
        <line num="177" count="5" type="stmt"/>
        <line num="179" count="5" type="stmt"/>
        <line num="180" count="5" type="stmt"/>
        <line num="185" count="5" type="stmt"/>
        <line num="186" count="30" type="stmt"/>
        <line num="187" count="30" type="stmt"/>
        <line num="188" count="30" type="stmt"/>
        <line num="189" count="30" type="stmt"/>
        <line num="190" count="30" type="stmt"/>
        <line num="199" count="30" type="stmt"/>
        <line num="200" count="30" type="cond" truecount="2" falsecount="0"/>
        <line num="201" count="30" type="stmt"/>
        <line num="213" count="30" type="cond" truecount="1" falsecount="0"/>
        <line num="214" count="6" type="stmt"/>
        <line num="223" count="6" type="stmt"/>
        <line num="230" count="6" type="stmt"/>
        <line num="261" count="1" type="stmt"/>
        <line num="262" count="2" type="stmt"/>
        <line num="263" count="2" type="stmt"/>
        <line num="264" count="2" type="stmt"/>
        <line num="265" count="2" type="stmt"/>
        <line num="266" count="2" type="cond" truecount="2" falsecount="0"/>
        <line num="267" count="1" type="stmt"/>
        <line num="268" count="1" type="stmt"/>
        <line num="270" count="1" type="stmt"/>
        <line num="274" count="1" type="stmt"/>
        <line num="275" count="1" type="stmt"/>
      </file>
    </package>
  </project>
</coverage>
