{"total": {"lines":{"total":61,"covered":61,"skipped":0,"pct":100},"statements":{"total":66,"covered":66,"skipped":0,"pct":100},"functions":{"total":14,"covered":14,"skipped":0,"pct":100},"branches":{"total":17,"covered":17,"skipped":0,"pct":100},"branchesTrue":{"total":0,"covered":0,"skipped":0,"pct":100}}
,"/Users/benderscreativestation/Documents/cardano-lsd/cardano-lsd/src/index.ts": {"lines":{"total":2,"covered":2,"skipped":0,"pct":100},"functions":{"total":1,"covered":1,"skipped":0,"pct":100},"statements":{"total":2,"covered":2,"skipped":0,"pct":100},"branches":{"total":0,"covered":0,"skipped":0,"pct":100}}
,"/Users/benderscreativestation/Documents/cardano-lsd/cardano-lsd/src/components/carda-nostra-ada-spinner.ts": {"lines":{"total":59,"covered":59,"skipped":0,"pct":100},"functions":{"total":13,"covered":13,"skipped":0,"pct":100},"statements":{"total":64,"covered":64,"skipped":0,"pct":100},"branches":{"total":17,"covered":17,"skipped":0,"pct":100}}
}
