{"/Users/benderscreativestation/Documents/cardano-lsd/cardano-lsd/src/index.ts": {"path":"/Users/benderscreativestation/Documents/cardano-lsd/cardano-lsd/src/index.ts","statementMap":{"0":{"start":{"line":1,"column":0},"end":{"line":1,"column":9}},"1":{"start":{"line":3,"column":4},"end":{"line":1,"column":77}}},"fnMap":{"0":{"name":"(anonymous_0)","decl":{"start":{"line":3,"column":4},"end":{"line":3,"column":25}},"loc":{"start":{"line":3,"column":4},"end":{"line":1,"column":77}}}},"branchMap":{},"s":{"0":1,"1":6},"f":{"0":5},"b":{}}
,"/Users/benderscreativestation/Documents/cardano-lsd/cardano-lsd/src/components/carda-nostra-ada-spinner.ts": {"path":"/Users/benderscreativestation/Documents/cardano-lsd/cardano-lsd/src/components/carda-nostra-ada-spinner.ts","statementMap":{"0":{"start":{"line":1,"column":0},"end":{"line":1,"column":28}},"1":{"start":{"line":9,"column":0},"end":{"line":9,"column":13}},"2":{"start":{"line":15,"column":17},"end":{"line":15,"column":19}},"3":{"start":{"line":15,"column":24},"end":{"line":15,"column":26}},"4":{"start":{"line":15,"column":31},"end":{"line":15,"column":33}},"5":{"start":{"line":15,"column":41},"end":{"line":15,"column":58}},"6":{"start":{"line":16,"column":4},"end":{"line":16,"column":22}},"7":{"start":{"line":17,"column":4},"end":{"line":21,"column":null}},"8":{"start":{"line":18,"column":6},"end":{"line":18,"column":26}},"9":{"start":{"line":20,"column":6},"end":{"line":20,"column":27}},"10":{"start":{"line":22,"column":4},"end":{"line":26,"column":null}},"11":{"start":{"line":23,"column":6},"end":{"line":23,"column":26}},"12":{"start":{"line":25,"column":6},"end":{"line":25,"column":24}},"13":{"start":{"line":27,"column":4},"end":{"line":31,"column":null}},"14":{"start":{"line":28,"column":6},"end":{"line":28,"column":32}},"15":{"start":{"line":30,"column":6},"end":{"line":30,"column":25}},"16":{"start":{"line":35,"column":2},"end":{"line":37,"column":null}},"17":{"start":{"line":36,"column":4},"end":{"line":36,"column":24}},"18":{"start":{"line":39,"column":4},"end":{"line":39,"column":25}},"19":{"start":{"line":41,"column":2},"end":{"line":43,"column":null}},"20":{"start":{"line":42,"column":4},"end":{"line":42,"column":23}},"21":{"start":{"line":45,"column":4},"end":{"line":45,"column":24}},"22":{"start":{"line":47,"column":2},"end":{"line":49,"column":null}},"23":{"start":{"line":48,"column":4},"end":{"line":48,"column":23}},"24":{"start":{"line":51,"column":4},"end":{"line":51,"column":24}},"25":{"start":{"line":53,"column":2},"end":{"line":55,"column":null}},"26":{"start":{"line":54,"column":4},"end":{"line":54,"column":26}},"27":{"start":{"line":57,"column":4},"end":{"line":57,"column":27}},"28":{"start":{"line":60,"column":18},"end":{"line":137,"column":null}},"29":{"start":{"line":61,"column":10},"end":{"line":61,"column":29}},"30":{"start":{"line":62,"column":10},"end":{"line":68,"column":6}},"31":{"start":{"line":69,"column":10},"end":{"line":69,"column":32}},"32":{"start":{"line":70,"column":4},"end":{"line":136,"column":7}},"33":{"start":{"line":71,"column":19},"end":{"line":71,"column":52}},"34":{"start":{"line":72,"column":6},"end":{"line":72,"column":47}},"35":{"start":{"line":73,"column":6},"end":{"line":73,"column":28}},"36":{"start":{"line":75,"column":17},"end":{"line":75,"column":32}},"37":{"start":{"line":76,"column":6},"end":{"line":80,"column":8}},"38":{"start":{"line":81,"column":6},"end":{"line":135,"column":null}},"39":{"start":{"line":81,"column":19},"end":{"line":81,"column":20}},"40":{"start":{"line":82,"column":27},"end":{"line":82,"column":53}},"41":{"start":{"line":83,"column":23},"end":{"line":83,"column":61}},"42":{"start":{"line":84,"column":8},"end":{"line":84,"column":56}},"43":{"start":{"line":85,"column":8},"end":{"line":85,"column":33}},"44":{"start":{"line":86,"column":8},"end":{"line":94,"column":10}},"45":{"start":{"line":95,"column":23},"end":{"line":95,"column":31}},"46":{"start":{"line":96,"column":27},"end":{"line":96,"column":55}},"47":{"start":{"line":97,"column":8},"end":{"line":108,"column":10}},"48":{"start":{"line":109,"column":8},"end":{"line":134,"column":null}},"49":{"start":{"line":110,"column":10},"end":{"line":118,"column":12}},"50":{"start":{"line":119,"column":10},"end":{"line":125,"column":12}},"51":{"start":{"line":126,"column":10},"end":{"line":133,"column":12}},"52":{"start":{"line":139,"column":8},"end":{"line":150,"column":null}},"53":{"start":{"line":140,"column":10},"end":{"line":140,"column":60}},"54":{"start":{"line":141,"column":10},"end":{"line":141,"column":78}},"55":{"start":{"line":142,"column":4},"end":{"line":142,"column":32}},"56":{"start":{"line":143,"column":4},"end":{"line":143,"column":57}},"57":{"start":{"line":144,"column":4},"end":{"line":149,"column":null}},"58":{"start":{"line":145,"column":12},"end":{"line":145,"column":null}},"59":{"start":{"line":146,"column":6},"end":{"line":146,"column":41}},"60":{"start":{"line":148,"column":6},"end":{"line":148,"column":58}},"61":{"start":{"line":152,"column":0},"end":{"line":152,"column":null}},"62":{"start":{"line":9,"column":13},"end":{"line":9,"column":34}},"63":{"start":{"line":153,"column":0},"end":{"line":153,"column":null}}},"fnMap":{"0":{"name":"(anonymous_13)","decl":{"start":{"line":9,"column":0},"end":{"line":9,"column":13}},"loc":{"start":{"line":9,"column":0},"end":{"line":152,"column":null}}},"1":{"name":"CardaNostraAdaSpinner","decl":{"start":{"line":15,"column":2},"end":{"line":15,"column":14}},"loc":{"start":{"line":15,"column":58},"end":{"line":33,"column":3}}},"2":{"name":"(anonymous_15)","decl":{"start":{"line":35,"column":2},"end":{"line":35,"column":13}},"loc":{"start":{"line":35,"column":2},"end":{"line":37,"column":3}}},"3":{"name":"(anonymous_16)","decl":{"start":{"line":38,"column":2},"end":{"line":38,"column":20}},"loc":{"start":{"line":38,"column":25},"end":{"line":40,"column":3}}},"4":{"name":"(anonymous_17)","decl":{"start":{"line":41,"column":2},"end":{"line":41,"column":6}},"loc":{"start":{"line":41,"column":2},"end":{"line":43,"column":3}}},"5":{"name":"(anonymous_18)","decl":{"start":{"line":44,"column":2},"end":{"line":44,"column":12}},"loc":{"start":{"line":44,"column":17},"end":{"line":46,"column":3}}},"6":{"name":"(anonymous_19)","decl":{"start":{"line":47,"column":2},"end":{"line":47,"column":6}},"loc":{"start":{"line":47,"column":2},"end":{"line":49,"column":3}}},"7":{"name":"(anonymous_20)","decl":{"start":{"line":50,"column":2},"end":{"line":50,"column":12}},"loc":{"start":{"line":50,"column":25},"end":{"line":52,"column":3}}},"8":{"name":"(anonymous_21)","decl":{"start":{"line":53,"column":2},"end":{"line":53,"column":6}},"loc":{"start":{"line":53,"column":2},"end":{"line":55,"column":3}}},"9":{"name":"(anonymous_22)","decl":{"start":{"line":56,"column":2},"end":{"line":56,"column":15}},"loc":{"start":{"line":56,"column":28},"end":{"line":58,"column":3}}},"10":{"name":"(anonymous_23)","decl":{"start":{"line":60,"column":2},"end":{"line":60,"column":18}},"loc":{"start":{"line":60,"column":54},"end":{"line":137,"column":null}}},"11":{"name":"(anonymous_26)","decl":{"start":{"line":70,"column":18},"end":{"line":70,"column":19}},"loc":{"start":{"line":70,"column":34},"end":{"line":136,"column":5}}},"12":{"name":"(anonymous_27)","decl":{"start":{"line":139,"column":2},"end":{"line":139,"column":8}},"loc":{"start":{"line":139,"column":2},"end":{"line":150,"column":null}}}},"branchMap":{"0":{"loc":{"start":{"line":17,"column":4},"end":{"line":21,"column":null}},"type":"if","locations":[{"start":{"line":17,"column":4},"end":{"line":21,"column":null}},{"start":{"line":19,"column":11},"end":{"line":21,"column":null}}]},"1":{"loc":{"start":{"line":22,"column":4},"end":{"line":26,"column":null}},"type":"if","locations":[{"start":{"line":22,"column":4},"end":{"line":26,"column":null}},{"start":{"line":24,"column":11},"end":{"line":26,"column":null}}]},"2":{"loc":{"start":{"line":27,"column":4},"end":{"line":31,"column":null}},"type":"if","locations":[{"start":{"line":27,"column":4},"end":{"line":31,"column":null}},{"start":{"line":29,"column":11},"end":{"line":31,"column":null}}]},"3":{"loc":{"start":{"line":96,"column":27},"end":{"line":96,"column":55}},"type":"binary-expr","locations":[{"start":{"line":96,"column":27},"end":{"line":96,"column":43}},{"start":{"line":96,"column":47},"end":{"line":96,"column":55}}]},"4":{"loc":{"start":{"line":100,"column":16},"end":{"line":100,"column":53}},"type":"cond-expr","locations":[{"start":{"line":100,"column":29},"end":{"line":100,"column":38}},{"start":{"line":100,"column":41},"end":{"line":100,"column":53}}]},"5":{"loc":{"start":{"line":101,"column":15},"end":{"line":101,"column":52}},"type":"cond-expr","locations":[{"start":{"line":101,"column":28},"end":{"line":101,"column":37}},{"start":{"line":101,"column":40},"end":{"line":101,"column":52}}]},"6":{"loc":{"start":{"line":103,"column":53},"end":{"line":103,"column":73}},"type":"cond-expr","locations":[{"start":{"line":103,"column":66},"end":{"line":103,"column":69}},{"start":{"line":103,"column":72},"end":{"line":103,"column":73}}]},"7":{"loc":{"start":{"line":109,"column":8},"end":{"line":134,"column":null}},"type":"if","locations":[{"start":{"line":109,"column":8},"end":{"line":134,"column":null}}]},"8":{"loc":{"start":{"line":144,"column":4},"end":{"line":149,"column":null}},"type":"if","locations":[{"start":{"line":144,"column":4},"end":{"line":149,"column":null}},{"start":{"line":147,"column":11},"end":{"line":149,"column":null}}]}},"s":{"0":1,"1":1,"2":5,"3":5,"4":5,"5":5,"6":5,"7":5,"8":2,"9":3,"10":5,"11":2,"12":3,"13":5,"14":2,"15":3,"16":1,"17":6,"18":1,"19":1,"20":6,"21":1,"22":1,"23":6,"24":1,"25":1,"26":6,"27":1,"28":1,"29":1,"30":1,"31":1,"32":1,"33":5,"34":5,"35":5,"36":5,"37":5,"38":5,"39":5,"40":30,"41":30,"42":30,"43":30,"44":30,"45":30,"46":30,"47":30,"48":30,"49":6,"50":6,"51":6,"52":1,"53":2,"54":2,"55":2,"56":2,"57":2,"58":1,"59":1,"60":1,"61":1,"62":1,"63":1},"f":{"0":1,"1":5,"2":6,"3":1,"4":6,"5":1,"6":6,"7":1,"8":6,"9":1,"10":1,"11":5,"12":2},"b":{"0":[2,3],"1":[2,3],"2":[2,3],"3":[30,6],"4":[6,24],"5":[6,24],"6":[6,24],"7":[6],"8":[1,1]}}
}
