{"/Users/benderscreativestation/Documents/cardano-lsd/cardano-lsd/src/index.ts": {"path":"/Users/benderscreativestation/Documents/cardano-lsd/cardano-lsd/src/index.ts","statementMap":{"0":{"start":{"line":12,"column":0},"end":{"line":12,"column":9}},"1":{"start":{"line":14,"column":4},"end":{"line":12,"column":77}}},"fnMap":{"0":{"name":"(anonymous_0)","decl":{"start":{"line":14,"column":4},"end":{"line":14,"column":25}},"loc":{"start":{"line":14,"column":4},"end":{"line":12,"column":77}}}},"branchMap":{},"s":{"0":1,"1":6},"f":{"0":5},"b":{}}
,"/Users/benderscreativestation/Documents/cardano-lsd/cardano-lsd/src/components/carda-nostra-ada-spinner.ts": {"path":"/Users/benderscreativestation/Documents/cardano-lsd/cardano-lsd/src/components/carda-nostra-ada-spinner.ts","statementMap":{"0":{"start":{"line":1,"column":0},"end":{"line":1,"column":28}},"1":{"start":{"line":40,"column":0},"end":{"line":40,"column":13}},"2":{"start":{"line":46,"column":17},"end":{"line":46,"column":19}},"3":{"start":{"line":46,"column":24},"end":{"line":46,"column":26}},"4":{"start":{"line":46,"column":31},"end":{"line":46,"column":33}},"5":{"start":{"line":46,"column":41},"end":{"line":46,"column":58}},"6":{"start":{"line":47,"column":4},"end":{"line":47,"column":22}},"7":{"start":{"line":48,"column":4},"end":{"line":55,"column":null}},"8":{"start":{"line":49,"column":6},"end":{"line":49,"column":26}},"9":{"start":{"line":54,"column":6},"end":{"line":54,"column":27}},"10":{"start":{"line":56,"column":4},"end":{"line":63,"column":null}},"11":{"start":{"line":57,"column":6},"end":{"line":57,"column":26}},"12":{"start":{"line":62,"column":6},"end":{"line":62,"column":24}},"13":{"start":{"line":64,"column":4},"end":{"line":71,"column":null}},"14":{"start":{"line":65,"column":6},"end":{"line":65,"column":32}},"15":{"start":{"line":70,"column":6},"end":{"line":70,"column":25}},"16":{"start":{"line":87,"column":2},"end":{"line":89,"column":null}},"17":{"start":{"line":88,"column":4},"end":{"line":88,"column":24}},"18":{"start":{"line":92,"column":4},"end":{"line":92,"column":25}},"19":{"start":{"line":106,"column":2},"end":{"line":108,"column":null}},"20":{"start":{"line":107,"column":4},"end":{"line":107,"column":23}},"21":{"start":{"line":111,"column":4},"end":{"line":111,"column":24}},"22":{"start":{"line":126,"column":2},"end":{"line":128,"column":null}},"23":{"start":{"line":127,"column":4},"end":{"line":127,"column":23}},"24":{"start":{"line":131,"column":4},"end":{"line":131,"column":24}},"25":{"start":{"line":146,"column":2},"end":{"line":148,"column":null}},"26":{"start":{"line":147,"column":4},"end":{"line":147,"column":26}},"27":{"start":{"line":151,"column":4},"end":{"line":151,"column":27}},"28":{"start":{"line":164,"column":18},"end":{"line":241,"column":null}},"29":{"start":{"line":165,"column":10},"end":{"line":165,"column":29}},"30":{"start":{"line":166,"column":10},"end":{"line":172,"column":6}},"31":{"start":{"line":173,"column":10},"end":{"line":173,"column":32}},"32":{"start":{"line":174,"column":4},"end":{"line":240,"column":7}},"33":{"start":{"line":175,"column":19},"end":{"line":175,"column":52}},"34":{"start":{"line":176,"column":6},"end":{"line":176,"column":47}},"35":{"start":{"line":177,"column":6},"end":{"line":177,"column":28}},"36":{"start":{"line":179,"column":17},"end":{"line":179,"column":32}},"37":{"start":{"line":180,"column":6},"end":{"line":184,"column":8}},"38":{"start":{"line":185,"column":6},"end":{"line":239,"column":null}},"39":{"start":{"line":185,"column":19},"end":{"line":185,"column":20}},"40":{"start":{"line":186,"column":27},"end":{"line":186,"column":53}},"41":{"start":{"line":187,"column":23},"end":{"line":187,"column":61}},"42":{"start":{"line":188,"column":8},"end":{"line":188,"column":56}},"43":{"start":{"line":189,"column":8},"end":{"line":189,"column":33}},"44":{"start":{"line":190,"column":8},"end":{"line":198,"column":10}},"45":{"start":{"line":199,"column":23},"end":{"line":199,"column":31}},"46":{"start":{"line":200,"column":27},"end":{"line":200,"column":55}},"47":{"start":{"line":201,"column":8},"end":{"line":212,"column":10}},"48":{"start":{"line":213,"column":8},"end":{"line":238,"column":null}},"49":{"start":{"line":214,"column":10},"end":{"line":222,"column":12}},"50":{"start":{"line":223,"column":10},"end":{"line":229,"column":12}},"51":{"start":{"line":230,"column":10},"end":{"line":237,"column":12}},"52":{"start":{"line":261,"column":8},"end":{"line":272,"column":null}},"53":{"start":{"line":262,"column":10},"end":{"line":262,"column":60}},"54":{"start":{"line":263,"column":10},"end":{"line":263,"column":78}},"55":{"start":{"line":264,"column":4},"end":{"line":264,"column":32}},"56":{"start":{"line":265,"column":4},"end":{"line":265,"column":57}},"57":{"start":{"line":266,"column":4},"end":{"line":271,"column":null}},"58":{"start":{"line":267,"column":12},"end":{"line":267,"column":null}},"59":{"start":{"line":268,"column":6},"end":{"line":268,"column":41}},"60":{"start":{"line":270,"column":6},"end":{"line":270,"column":58}},"61":{"start":{"line":274,"column":0},"end":{"line":274,"column":null}},"62":{"start":{"line":40,"column":13},"end":{"line":40,"column":34}},"63":{"start":{"line":275,"column":0},"end":{"line":275,"column":37}}},"fnMap":{"0":{"name":"(anonymous_13)","decl":{"start":{"line":40,"column":0},"end":{"line":40,"column":13}},"loc":{"start":{"line":40,"column":0},"end":{"line":274,"column":null}}},"1":{"name":"CardaNostraAdaSpinner","decl":{"start":{"line":46,"column":2},"end":{"line":46,"column":14}},"loc":{"start":{"line":46,"column":58},"end":{"line":73,"column":3}}},"2":{"name":"(anonymous_15)","decl":{"start":{"line":87,"column":2},"end":{"line":87,"column":13}},"loc":{"start":{"line":87,"column":2},"end":{"line":89,"column":3}}},"3":{"name":"(anonymous_16)","decl":{"start":{"line":91,"column":2},"end":{"line":91,"column":20}},"loc":{"start":{"line":91,"column":25},"end":{"line":93,"column":3}}},"4":{"name":"(anonymous_17)","decl":{"start":{"line":106,"column":2},"end":{"line":106,"column":6}},"loc":{"start":{"line":106,"column":2},"end":{"line":108,"column":3}}},"5":{"name":"(anonymous_18)","decl":{"start":{"line":110,"column":2},"end":{"line":110,"column":12}},"loc":{"start":{"line":110,"column":17},"end":{"line":112,"column":3}}},"6":{"name":"(anonymous_19)","decl":{"start":{"line":126,"column":2},"end":{"line":126,"column":6}},"loc":{"start":{"line":126,"column":2},"end":{"line":128,"column":3}}},"7":{"name":"(anonymous_20)","decl":{"start":{"line":130,"column":2},"end":{"line":130,"column":12}},"loc":{"start":{"line":130,"column":25},"end":{"line":132,"column":3}}},"8":{"name":"(anonymous_21)","decl":{"start":{"line":146,"column":2},"end":{"line":146,"column":6}},"loc":{"start":{"line":146,"column":2},"end":{"line":148,"column":3}}},"9":{"name":"(anonymous_22)","decl":{"start":{"line":150,"column":2},"end":{"line":150,"column":15}},"loc":{"start":{"line":150,"column":28},"end":{"line":152,"column":3}}},"10":{"name":"(anonymous_23)","decl":{"start":{"line":164,"column":2},"end":{"line":164,"column":18}},"loc":{"start":{"line":164,"column":54},"end":{"line":241,"column":null}}},"11":{"name":"(anonymous_26)","decl":{"start":{"line":174,"column":18},"end":{"line":174,"column":19}},"loc":{"start":{"line":174,"column":34},"end":{"line":240,"column":5}}},"12":{"name":"(anonymous_27)","decl":{"start":{"line":261,"column":2},"end":{"line":261,"column":8}},"loc":{"start":{"line":261,"column":2},"end":{"line":272,"column":null}}}},"branchMap":{"0":{"loc":{"start":{"line":48,"column":4},"end":{"line":55,"column":null}},"type":"if","locations":[{"start":{"line":48,"column":4},"end":{"line":55,"column":null}},{"start":{"line":50,"column":11},"end":{"line":55,"column":null}}]},"1":{"loc":{"start":{"line":56,"column":4},"end":{"line":63,"column":null}},"type":"if","locations":[{"start":{"line":56,"column":4},"end":{"line":63,"column":null}},{"start":{"line":58,"column":11},"end":{"line":63,"column":null}}]},"2":{"loc":{"start":{"line":64,"column":4},"end":{"line":71,"column":null}},"type":"if","locations":[{"start":{"line":64,"column":4},"end":{"line":71,"column":null}},{"start":{"line":66,"column":11},"end":{"line":71,"column":null}}]},"3":{"loc":{"start":{"line":200,"column":27},"end":{"line":200,"column":55}},"type":"binary-expr","locations":[{"start":{"line":200,"column":27},"end":{"line":200,"column":43}},{"start":{"line":200,"column":47},"end":{"line":200,"column":55}}]},"4":{"loc":{"start":{"line":204,"column":16},"end":{"line":204,"column":53}},"type":"cond-expr","locations":[{"start":{"line":204,"column":29},"end":{"line":204,"column":38}},{"start":{"line":204,"column":41},"end":{"line":204,"column":53}}]},"5":{"loc":{"start":{"line":205,"column":15},"end":{"line":205,"column":52}},"type":"cond-expr","locations":[{"start":{"line":205,"column":28},"end":{"line":205,"column":37}},{"start":{"line":205,"column":40},"end":{"line":205,"column":52}}]},"6":{"loc":{"start":{"line":207,"column":53},"end":{"line":207,"column":73}},"type":"cond-expr","locations":[{"start":{"line":207,"column":66},"end":{"line":207,"column":69}},{"start":{"line":207,"column":72},"end":{"line":207,"column":73}}]},"7":{"loc":{"start":{"line":213,"column":8},"end":{"line":238,"column":null}},"type":"if","locations":[{"start":{"line":213,"column":8},"end":{"line":238,"column":null}}]},"8":{"loc":{"start":{"line":266,"column":4},"end":{"line":271,"column":null}},"type":"if","locations":[{"start":{"line":266,"column":4},"end":{"line":271,"column":null}},{"start":{"line":269,"column":11},"end":{"line":271,"column":null}}]}},"s":{"0":1,"1":1,"2":5,"3":5,"4":5,"5":5,"6":5,"7":5,"8":2,"9":3,"10":5,"11":2,"12":3,"13":5,"14":2,"15":3,"16":1,"17":6,"18":1,"19":1,"20":6,"21":1,"22":1,"23":6,"24":1,"25":1,"26":6,"27":1,"28":1,"29":1,"30":1,"31":1,"32":1,"33":5,"34":5,"35":5,"36":5,"37":5,"38":5,"39":5,"40":30,"41":30,"42":30,"43":30,"44":30,"45":30,"46":30,"47":30,"48":30,"49":6,"50":6,"51":6,"52":1,"53":2,"54":2,"55":2,"56":2,"57":2,"58":1,"59":1,"60":1,"61":1,"62":1,"63":1},"f":{"0":1,"1":5,"2":6,"3":1,"4":6,"5":1,"6":6,"7":1,"8":6,"9":1,"10":1,"11":5,"12":2},"b":{"0":[2,3],"1":[2,3],"2":[2,3],"3":[30,6],"4":[6,24],"5":[6,24],"6":[6,24],"7":[6],"8":[1,1]}}
}
