TN:
SF:src/index.ts
FN:14,(anonymous_0)
FNF:1
FNH:1
FNDA:5,(anonymous_0)
DA:12,1
DA:14,6
LF:2
LH:2
BRF:0
BRH:0
end_of_record
TN:
SF:src/components/carda-nostra-ada-spinner.ts
FN:40,(anonymous_13)
FN:46,CardaNostraAdaSpinner
FN:87,(anonymous_15)
FN:91,(anonymous_16)
FN:106,(anonymous_17)
FN:110,(anonymous_18)
FN:126,(anonymous_19)
FN:130,(anonymous_20)
FN:146,(anonymous_21)
FN:150,(anonymous_22)
FN:164,(anonymous_23)
FN:174,(anonymous_26)
FN:261,(anonymous_27)
FNF:13
FNH:13
FNDA:1,(anonymous_13)
FNDA:5,CardaNostraAdaSpinner
FNDA:6,(anonymous_15)
FNDA:1,(anonymous_16)
FNDA:6,(anonymous_17)
FNDA:1,(anonymous_18)
FNDA:6,(anonymous_19)
FNDA:1,(anonymous_20)
FNDA:6,(anonymous_21)
FNDA:1,(anonymous_22)
FNDA:1,(anonymous_23)
FNDA:5,(anonymous_26)
FNDA:2,(anonymous_27)
DA:1,1
DA:40,1
DA:46,5
DA:47,5
DA:48,5
DA:49,2
DA:54,3
DA:56,5
DA:57,2
DA:62,3
DA:64,5
DA:65,2
DA:70,3
DA:87,1
DA:88,6
DA:92,1
DA:106,1
DA:107,6
DA:111,1
DA:126,1
DA:127,6
DA:131,1
DA:146,1
DA:147,6
DA:151,1
DA:164,1
DA:165,1
DA:166,1
DA:173,1
DA:174,1
DA:175,5
DA:176,5
DA:177,5
DA:179,5
DA:180,5
DA:185,5
DA:186,30
DA:187,30
DA:188,30
DA:189,30
DA:190,30
DA:199,30
DA:200,30
DA:201,30
DA:213,30
DA:214,6
DA:223,6
DA:230,6
DA:261,1
DA:262,2
DA:263,2
DA:264,2
DA:265,2
DA:266,2
DA:267,1
DA:268,1
DA:270,1
DA:274,1
DA:275,1
LF:59
LH:59
BRDA:48,0,0,2
BRDA:48,0,1,3
BRDA:56,1,0,2
BRDA:56,1,1,3
BRDA:64,2,0,2
BRDA:64,2,1,3
BRDA:200,3,0,30
BRDA:200,3,1,6
BRDA:204,4,0,6
BRDA:204,4,1,24
BRDA:205,5,0,6
BRDA:205,5,1,24
BRDA:207,6,0,6
BRDA:207,6,1,24
BRDA:213,7,0,6
BRDA:266,8,0,1
BRDA:266,8,1,1
BRF:17
BRH:17
end_of_record
