TN:
SF:src/index.ts
FN:3,(anonymous_0)
FNF:1
FNH:1
FNDA:5,(anonymous_0)
DA:1,1
DA:3,6
LF:2
LH:2
BRF:0
BRH:0
end_of_record
TN:
SF:src/components/carda-nostra-ada-spinner.ts
FN:9,(anonymous_13)
FN:15,CardaNostraAdaSpinner
FN:35,(anonymous_15)
FN:38,(anonymous_16)
FN:41,(anonymous_17)
FN:44,(anonymous_18)
FN:47,(anonymous_19)
FN:50,(anonymous_20)
FN:53,(anonymous_21)
FN:56,(anonymous_22)
FN:60,(anonymous_23)
FN:70,(anonymous_26)
FN:139,(anonymous_27)
FNF:13
FNH:13
FNDA:1,(anonymous_13)
FNDA:5,CardaNostraAdaSpinner
FNDA:6,(anonymous_15)
FNDA:1,(anonymous_16)
FNDA:6,(anonymous_17)
FNDA:1,(anonymous_18)
FNDA:6,(anonymous_19)
FNDA:1,(anonymous_20)
FNDA:6,(anonymous_21)
FNDA:1,(anonymous_22)
FNDA:1,(anonymous_23)
FNDA:5,(anonymous_26)
FNDA:2,(anonymous_27)
DA:1,1
DA:9,1
DA:15,5
DA:16,5
DA:17,5
DA:18,2
DA:20,3
DA:22,5
DA:23,2
DA:25,3
DA:27,5
DA:28,2
DA:30,3
DA:35,1
DA:36,6
DA:39,1
DA:41,1
DA:42,6
DA:45,1
DA:47,1
DA:48,6
DA:51,1
DA:53,1
DA:54,6
DA:57,1
DA:60,1
DA:61,1
DA:62,1
DA:69,1
DA:70,1
DA:71,5
DA:72,5
DA:73,5
DA:75,5
DA:76,5
DA:81,5
DA:82,30
DA:83,30
DA:84,30
DA:85,30
DA:86,30
DA:95,30
DA:96,30
DA:97,30
DA:109,30
DA:110,6
DA:119,6
DA:126,6
DA:139,1
DA:140,2
DA:141,2
DA:142,2
DA:143,2
DA:144,2
DA:145,1
DA:146,1
DA:148,1
DA:152,1
DA:153,1
LF:59
LH:59
BRDA:17,0,0,2
BRDA:17,0,1,3
BRDA:22,1,0,2
BRDA:22,1,1,3
BRDA:27,2,0,2
BRDA:27,2,1,3
BRDA:96,3,0,30
BRDA:96,3,1,6
BRDA:100,4,0,6
BRDA:100,4,1,24
BRDA:101,5,0,6
BRDA:101,5,1,24
BRDA:103,6,0,6
BRDA:103,6,1,24
BRDA:109,7,0,6
BRDA:144,8,0,1
BRDA:144,8,1,1
BRF:17
BRH:17
end_of_record
